<?xml version="1.0" encoding="UTF-8"?>
<!-- Generated by org.testng.reporters.JUnitXMLReporter -->
<testsuite hostname="W1650048" name="actiTIME - Sanity" tests="4" failures="0" timestamp="3 Jan 2017 16:49:45 GMT" time="34.074" errors="0">
  <testcase name="TC01_SignIntoApplication" time="11.079" classname="com.actitime.testscripts.TestScripts"/>
  <testcase name="TC04_NavigateToUsers" time="12.725" classname="com.actitime.testscripts.TestScripts"/>
  <testcase name="TC06_VerifyExistingUser" time="1.802" classname="com.actitime.testscripts.TestScripts"/>
  <testcase name="TC07_SignOutOfApplication" time="8.449" classname="com.actitime.testscripts.TestScripts"/>
</testsuite> <!-- actiTIME - Sanity -->
