<?xml version="1.0" encoding="UTF-8"?>
<testng-results skipped="0" failed="0" total="4" passed="4">
  <reporter-output>
    <line>
      <![CDATA[SignIntoApplication <a href=file:/C:/Users/ad051066/MyFrameworkWorkspace/ActiTimeProject/null/%20SignIntoApplication%20_Tue_Jan_03_22_19_14_IST_2017.png> click to open screenshot of SignIntoApplication </a><br>]]>
    </line>
    <line>
      <![CDATA[NavigateToUsers <a href=file:/C:/Users/ad051066/MyFrameworkWorkspace/ActiTimeProject/null/%20NavigateToUsers%20_Tue_Jan_03_22_19_27_IST_2017.png> click to open screenshot of NavigateToUsers </a><br>]]>
    </line>
    <line>
      <![CDATA[SignOutOfApplication <a href=file:/C:/Users/ad051066/MyFrameworkWorkspace/ActiTimeProject/null/%20SignOutOfApplication%20_Tue_Jan_03_22_19_37_IST_2017.png> click to open screenshot of SignOutOfApplication </a><br>]]>
    </line>
  </reporter-output>
  <suite name="actiTIME Application" duration-ms="34074" started-at="2017-01-03T16:49:11Z" finished-at="2017-01-03T16:49:45Z">
    <groups>
    </groups>
    <test name="actiTIME - Sanity" duration-ms="34074" started-at="2017-01-03T16:49:11Z" finished-at="2017-01-03T16:49:45Z">
      <class name="com.actitime.testscripts.TestScripts">
        <test-method status="PASS" signature="beforeSuite()[pri:0, instance:com.actitime.testscripts.TestScripts@23e028a9]" name="beforeSuite" is-config="true" duration-ms="5385" started-at="2017-01-03T22:19:05Z" finished-at="2017-01-03T22:19:11Z">
          <reporter-output>
          </reporter-output>
        </test-method> <!-- beforeSuite -->
        <test-method status="PASS" signature="TC01_SignIntoApplication()[pri:0, instance:com.actitime.testscripts.TestScripts@23e028a9]" name="TC01_SignIntoApplication" duration-ms="11079" started-at="2017-01-03T22:19:11Z" finished-at="2017-01-03T22:19:22Z">
          <reporter-output>
            <line>
              <![CDATA[SignIntoApplication <a href=file:/C:/Users/ad051066/MyFrameworkWorkspace/ActiTimeProject/null/%20SignIntoApplication%20_Tue_Jan_03_22_19_14_IST_2017.png> click to open screenshot of SignIntoApplication </a><br>]]>
            </line>
          </reporter-output>
        </test-method> <!-- TC01_SignIntoApplication -->
        <test-method status="PASS" signature="TC04_NavigateToUsers()[pri:0, instance:com.actitime.testscripts.TestScripts@23e028a9]" name="TC04_NavigateToUsers" duration-ms="12725" started-at="2017-01-03T22:19:22Z" finished-at="2017-01-03T22:19:34Z">
          <reporter-output>
            <line>
              <![CDATA[NavigateToUsers <a href=file:/C:/Users/ad051066/MyFrameworkWorkspace/ActiTimeProject/null/%20NavigateToUsers%20_Tue_Jan_03_22_19_27_IST_2017.png> click to open screenshot of NavigateToUsers </a><br>]]>
            </line>
          </reporter-output>
        </test-method> <!-- TC04_NavigateToUsers -->
        <test-method status="PASS" signature="TC06_VerifyExistingUser()[pri:0, instance:com.actitime.testscripts.TestScripts@23e028a9]" name="TC06_VerifyExistingUser" duration-ms="1802" started-at="2017-01-03T22:19:34Z" finished-at="2017-01-03T22:19:36Z">
          <reporter-output>
          </reporter-output>
        </test-method> <!-- TC06_VerifyExistingUser -->
        <test-method status="PASS" signature="TC07_SignOutOfApplication()[pri:0, instance:com.actitime.testscripts.TestScripts@23e028a9]" name="TC07_SignOutOfApplication" duration-ms="8449" started-at="2017-01-03T22:19:36Z" finished-at="2017-01-03T22:19:45Z">
          <reporter-output>
            <line>
              <![CDATA[SignOutOfApplication <a href=file:/C:/Users/ad051066/MyFrameworkWorkspace/ActiTimeProject/null/%20SignOutOfApplication%20_Tue_Jan_03_22_19_37_IST_2017.png> click to open screenshot of SignOutOfApplication </a><br>]]>
            </line>
          </reporter-output>
        </test-method> <!-- TC07_SignOutOfApplication -->
        <test-method status="PASS" signature="afterSuite()[pri:0, instance:com.actitime.testscripts.TestScripts@23e028a9]" name="afterSuite" is-config="true" duration-ms="1478" started-at="2017-01-03T22:19:45Z" finished-at="2017-01-03T22:19:46Z">
          <reporter-output>
          </reporter-output>
        </test-method> <!-- afterSuite -->
      </class> <!-- com.actitime.testscripts.TestScripts -->
    </test> <!-- actiTIME - Sanity -->
  </suite> <!-- actiTIME Application -->
</testng-results>
