<?xml version="1.0" encoding="UTF-8"?>
<testsuite name="actiTIME - Desktop Sanity"
           tests="6"
           failures="1"
           errors="0"
           skipped="5"
           time="0.015">
  <properties />
            <testcase name="beforeSuite" time="0.000" classname="com.actitime.testscripts.TestScripts">
                <failure type="java.lang.NullPointerException"
                  message="(null)"
              >
<![CDATA[java.lang.NullPointerException
  com.actitime.driver.SuperReference.beforeSuite(SuperReference.java:53)
  sun.reflect.NativeMethodAccessorImpl.invoke0(Native Method)
  sun.reflect.NativeMethodAccessorImpl.invoke(Unknown Source)
  sun.reflect.DelegatingMethodAccessorImpl.invoke(Unknown Source)
  java.lang.reflect.Method.invoke(Unknown Source)
  org.testng.internal.MethodInvocationHelper.invokeMethod(MethodInvocationHelper.java:86)
  org.testng.internal.Invoker.invokeConfigurationMethod(Invoker.java:514)
  org.testng.internal.Invoker.invokeConfigurations(Invoker.java:215)
  org.testng.internal.Invoker.invokeConfigurations(Invoker.java:142)
  org.testng.SuiteRunner.privateRun(SuiteRunner.java:305)
  org.testng.SuiteRunner.run(SuiteRunner.java:268)
  org.testng.SuiteRunnerWorker.runSuite(SuiteRunnerWorker.java:52)
  org.testng.SuiteRunnerWorker.run(SuiteRunnerWorker.java:86)
  org.testng.TestNG.runSuitesSequentially(TestNG.java:1244)
  org.testng.TestNG.runSuitesLocally(TestNG.java:1169)
  org.testng.TestNG.run(TestNG.java:1064)
  org.testng.remote.AbstractRemoteTestNG.run(AbstractRemoteTestNG.java:132)
  org.testng.remote.RemoteTestNG.initAndRun(RemoteTestNG.java:236)
  org.testng.remote.RemoteTestNG.main(RemoteTestNG.java:81)
]]>
      </failure>

          </testcase>
  
            <testcase name="afterSuite" time="0.0" classname="com.actitime.testscripts.TestScripts">
          <skipped />
    </testcase>
            <testcase name="TC06_SignOutOfApplication" time="0.0" classname="com.actitime.testscripts.TestScripts">
          <skipped />
    </testcase>
            <testcase name="TC04_NavigateToUsers" time="0.0" classname="com.actitime.testscripts.TestScripts">
          <skipped />
    </testcase>
            <testcase name="TC01_SignIntoApplication" time="0.0" classname="com.actitime.testscripts.TestScripts">
          <skipped />
    </testcase>
            <testcase name="TC02_NavigateToTasks" time="0.0" classname="com.actitime.testscripts.TestScripts">
          <skipped />
    </testcase>
  
  
</testsuite>
