<?xml version="1.0" encoding="UTF-8"?>
<!-- Generated by org.testng.reporters.JUnitXMLReporter -->
<testsuite hostname="W1650048" name="actiTIME - Desktop Sanity" tests="4" failures="0" timestamp="30 Dec 2016 06:23:10 GMT" time="0.046" errors="0">
  <testcase name="@BeforeSuite beforeSuite" time="0.0" classname="com.actitime.testscripts.TestScripts">
    <failure type="java.lang.NullPointerException">
      <![CDATA[java.lang.NullPointerException
	at com.actitime.driver.SuperReference.beforeSuite(SuperReference.java:53)
... Removed 18 stack frames]]>
    </failure>
  </testcase> <!-- @BeforeSuite beforeSuite -->
  <testcase name="TC01_SignIntoApplication" time="0.0" classname="com.actitime.testscripts.TestScripts">
    <skipped/>
  </testcase> <!-- TC01_SignIntoApplication -->
  <testcase name="TC02_NavigateToTasks" time="0.0" classname="com.actitime.testscripts.TestScripts">
    <skipped/>
  </testcase> <!-- TC02_NavigateToTasks -->
  <testcase name="TC04_NavigateToUsers" time="0.0" classname="com.actitime.testscripts.TestScripts">
    <skipped/>
  </testcase> <!-- TC04_NavigateToUsers -->
  <testcase name="TC06_SignOutOfApplication" time="0.015" classname="com.actitime.testscripts.TestScripts">
    <skipped/>
  </testcase> <!-- TC06_SignOutOfApplication -->
</testsuite> <!-- actiTIME - Desktop Sanity -->
